2025-07-16 20:52:13 [3] Connection: opening to smtp.gmail.com:587, timeout=30, options=array (
  'ssl' => 
  array (
    'verify_peer' => false,
    'verify_peer_name' => false,
    'allow_self_signed' => true,
  ),
)
2025-07-16 20:52:13 [3] Connection: opened
2025-07-16 20:52:13 [2] SERVER -> CLIENT: 220 smtp.gmail.com ESMTP a640c23a62f3a-ae6e82e518bsm1246726866b.149 - gsmtp

2025-07-16 20:52:13 [1] CLIENT -> SERVER: EHLO localhost

2025-07-16 20:52:14 [2] SERVER -> CLIENT: 250-smtp.gmail.com at your service, [94.187.22.195]
250-SIZE 36700160
250-8BITMIME
250-STARTTLS
250-ENHANCEDSTATUSCODES
250-PIPELINING
250-CHUNKING
250 SMTPUTF8

2025-07-16 20:52:14 [1] CLIENT -> SERVER: STARTTLS

2025-07-16 20:52:14 [2] SERVER -> CLIENT: 220 2.0.0 Ready to start TLS

2025-07-16 20:52:14 [1] CLIENT -> SERVER: EHLO localhost

2025-07-16 20:52:14 [2] SERVER -> CLIENT: 250-smtp.gmail.com at your service, [94.187.22.195]
250-SIZE 36700160
250-8BITMIME
250-AUTH LOGIN PLAIN XOAUTH2 PLAIN-CLIENTTOKEN OAUTHBEARER XOAUTH
250-ENHANCEDSTATUSCODES
250-PIPELINING
250-CHUNKING
250 SMTPUTF8

2025-07-16 20:52:14 [1] CLIENT -> SERVER: AUTH LOGIN

2025-07-16 20:52:14 [2] SERVER -> CLIENT: 334 VXNlcm5hbWU6

2025-07-16 20:52:14 [1] CLIENT -> SERVER: [credentials hidden]
2025-07-16 20:52:14 [2] SERVER -> CLIENT: 334 UGFzc3dvcmQ6

2025-07-16 20:52:14 [1] CLIENT -> SERVER: [credentials hidden]
2025-07-16 20:52:14 [2] SERVER -> CLIENT: 235 2.7.0 Accepted

2025-07-16 20:52:14 [1] CLIENT -> SERVER: MAIL FROM:<befitcompany.contact@gmail.com>

2025-07-16 20:52:14 [2] SERVER -> CLIENT: 250 2.1.0 OK a640c23a62f3a-ae6e82e518bsm1246726866b.149 - gsmtp

2025-07-16 20:52:14 [1] CLIENT -> SERVER: RCPT TO:<yorgobekaiiprofessional@gmail.com>

2025-07-16 20:52:15 [2] SERVER -> CLIENT: 250 2.1.5 OK a640c23a62f3a-ae6e82e518bsm1246726866b.149 - gsmtp

2025-07-16 20:52:15 [1] CLIENT -> SERVER: DATA

2025-07-16 20:52:15 [2] SERVER -> CLIENT: 354 Go ahead a640c23a62f3a-ae6e82e518bsm1246726866b.149 - gsmtp

2025-07-16 20:52:15 [1] CLIENT -> SERVER: Date: Wed, 16 Jul 2025 20:52:13 +0300

2025-07-16 20:52:15 [1] CLIENT -> SERVER: To: yorgobekaiiprofessional@gmail.com

2025-07-16 20:52:15 [1] CLIENT -> SERVER: From: BeFit AI <befitcompany.contact@gmail.com>

2025-07-16 20:52:15 [1] CLIENT -> SERVER: Subject: Your BeFit Verification Code

2025-07-16 20:52:15 [1] CLIENT -> SERVER: Message-ID: <lWDsAL34Culb5T4BCIOV146YNUqQzuHSS9MB23k@localhost>

2025-07-16 20:52:15 [1] CLIENT -> SERVER: X-Mailer: PHPMailer 6.10.0 (https://github.com/PHPMailer/PHPMailer)

2025-07-16 20:52:15 [1] CLIENT -> SERVER: MIME-Version: 1.0

2025-07-16 20:52:15 [1] CLIENT -> SERVER: Content-Type: multipart/alternative;

2025-07-16 20:52:15 [1] CLIENT -> SERVER:  boundary="b1=_lWDsAL34Culb5T4BCIOV146YNUqQzuHSS9MB23k"

2025-07-16 20:52:15 [1] CLIENT -> SERVER: Content-Transfer-Encoding: 8bit

2025-07-16 20:52:15 [1] CLIENT -> SERVER: 

2025-07-16 20:52:15 [1] CLIENT -> SERVER: --b1=_lWDsAL34Culb5T4BCIOV146YNUqQzuHSS9MB23k

2025-07-16 20:52:15 [1] CLIENT -> SERVER: Content-Type: text/plain; charset=us-ascii

2025-07-16 20:52:15 [1] CLIENT -> SERVER: 

2025-07-16 20:52:15 [1] CLIENT -> SERVER: Your verification code is: 301367

2025-07-16 20:52:15 [1] CLIENT -> SERVER: 

2025-07-16 20:52:15 [1] CLIENT -> SERVER: --b1=_lWDsAL34Culb5T4BCIOV146YNUqQzuHSS9MB23k

2025-07-16 20:52:15 [1] CLIENT -> SERVER: Content-Type: text/html; charset=us-ascii

2025-07-16 20:52:15 [1] CLIENT -> SERVER: 

2025-07-16 20:52:15 [1] CLIENT -> SERVER: Your verification code is: <b>301367</b>

2025-07-16 20:52:15 [1] CLIENT -> SERVER: 

2025-07-16 20:52:15 [1] CLIENT -> SERVER: 

2025-07-16 20:52:15 [1] CLIENT -> SERVER: --b1=_lWDsAL34Culb5T4BCIOV146YNUqQzuHSS9MB23k--

2025-07-16 20:52:15 [1] CLIENT -> SERVER: 

2025-07-16 20:52:15 [1] CLIENT -> SERVER: .

2025-07-16 20:52:15 [2] SERVER -> CLIENT: 250 2.0.0 OK  1752688335 a640c23a62f3a-ae6e82e518bsm1246726866b.149 - gsmtp

2025-07-16 20:52:15 [1] CLIENT -> SERVER: QUIT

2025-07-16 20:52:16 [2] SERVER -> CLIENT: 221 2.0.0 closing connection a640c23a62f3a-ae6e82e518bsm1246726866b.149 - gsmtp

2025-07-16 20:52:16 [3] Connection: closed
